0 info it worked if it ends with ok
1 verbose cli [ '/usr/bin/nodejs', '/usr/bin/npm', 'run', 'start' ]
2 info using npm@3.8.6
3 info using node@v6.0.0
4 verbose run-script [ 'prestart', 'start', 'poststart' ]
5 info lifecycle reactcarousel@0.0.1~prestart: reactcarousel@0.0.1
6 silly lifecycle reactcarousel@0.0.1~prestart: no script for prestart, continuing
7 info lifecycle reactcarousel@0.0.1~start: reactcarousel@0.0.1
8 verbose lifecycle reactcarousel@0.0.1~start: unsafe-perm in lifecycle true
9 verbose lifecycle reactcarousel@0.0.1~start: PATH: /usr/lib/node_modules/npm/bin/node-gyp-bin:/home/garyanewsome/Projects/react-infinite-carousel/node_modules/.bin:/usr/bin:/usr/local/sbin:/usr/local/bin:/usr/sbin:/usr/bin:/sbin:/bin:/usr/games:/usr/local/games:/snap/bin:/home/garyanewsome/.rvm/bin:/home/garyanewsome/.rvm/bin
10 verbose lifecycle reactcarousel@0.0.1~start: CWD: /home/garyanewsome/Projects/react-infinite-carousel
11 silly lifecycle reactcarousel@0.0.1~start: Args: [ '-c',
11 silly lifecycle   'webpack=dev webpack-dev-server --hot --inline --progress --colors' ]
12 info lifecycle reactcarousel@0.0.1~start: Failed to exec start script
13 verbose stack Error: reactcarousel@0.0.1 start: `webpack=dev webpack-dev-server --hot --inline --progress --colors`
13 verbose stack spawn ENOENT
13 verbose stack     at ChildProcess.<anonymous> (/usr/lib/node_modules/npm/lib/utils/spawn.js:17:16)
13 verbose stack     at emitTwo (events.js:106:13)
13 verbose stack     at ChildProcess.emit (events.js:191:7)
13 verbose stack     at maybeClose (internal/child_process.js:850:16)
13 verbose stack     at Process.ChildProcess._handle.onexit (internal/child_process.js:215:5)
14 verbose pkgid reactcarousel@0.0.1
15 verbose cwd /home/garyanewsome/Projects/react-infinite-carousel
16 error Linux 4.4.0-21-generic
17 error argv "/usr/bin/nodejs" "/usr/bin/npm" "run" "start"
18 error node v6.0.0
19 error npm  v3.8.6
20 error file sh
21 error code ELIFECYCLE
22 error errno ENOENT
23 error syscall spawn
24 error reactcarousel@0.0.1 start: `webpack=dev webpack-dev-server --hot --inline --progress --colors`
24 error spawn ENOENT
25 error Failed at the reactcarousel@0.0.1 start script 'webpack=dev webpack-dev-server --hot --inline --progress --colors'.
25 error Make sure you have the latest version of node.js and npm installed.
25 error If you do, this is most likely a problem with the reactcarousel package,
25 error not with npm itself.
25 error Tell the author that this fails on your system:
25 error     webpack=dev webpack-dev-server --hot --inline --progress --colors
25 error You can get information on how to open an issue for this project with:
25 error     npm bugs reactcarousel
25 error Or if that isn't available, you can get their info via:
25 error     npm owner ls reactcarousel
25 error There is likely additional logging output above.
26 verbose exit [ 1, true ]
